{"/Users/admin/Downloads/Telegram Desktop/filmy/src/App.js": {"path":"/Users/admin/Downloads/Telegram Desktop/filmy/src/App.js","statementMap":{"0":{"start":{"line":6,"column":2},"end":{"line":10,"column":4}}},"fnMap":{"0":{"name":"App","decl":{"start":{"line":5,"column":9},"end":{"line":5,"column":12}},"loc":{"start":{"line":5,"column":15},"end":{"line":11,"column":1}},"line":5}},"branchMap":{},"s":{"0":1},"f":{"0":1},"b":{},"_coverageSchema":"1a1c01bbd47fc00a2c39e90264f33305004495a9","hash":"5e0041ec02fe01f2b5fc71ac38d02beaf1bf2e8e"}
,"/Users/admin/Downloads/Telegram Desktop/filmy/src/index.js": {"path":"/Users/admin/Downloads/Telegram Desktop/filmy/src/index.js","statementMap":{"0":{"start":{"line":9,"column":0},"end":{"line":14,"column":2}},"1":{"start":{"line":19,"column":0},"end":{"line":19,"column":18}}},"fnMap":{},"branchMap":{},"s":{"0":0,"1":0},"f":{},"b":{}}
,"/Users/admin/Downloads/Telegram Desktop/filmy/src/reportWebVitals.js": {"path":"/Users/admin/Downloads/Telegram Desktop/filmy/src/reportWebVitals.js","statementMap":{"0":{"start":{"line":1,"column":24},"end":{"line":11,"column":1}},"1":{"start":{"line":2,"column":2},"end":{"line":10,"column":3}},"2":{"start":{"line":3,"column":4},"end":{"line":9,"column":7}},"3":{"start":{"line":4,"column":6},"end":{"line":4,"column":26}},"4":{"start":{"line":5,"column":6},"end":{"line":5,"column":26}},"5":{"start":{"line":6,"column":6},"end":{"line":6,"column":26}},"6":{"start":{"line":7,"column":6},"end":{"line":7,"column":26}},"7":{"start":{"line":8,"column":6},"end":{"line":8,"column":27}}},"fnMap":{"0":{"name":"(anonymous_0)","decl":{"start":{"line":1,"column":24},"end":{"line":1,"column":25}},"loc":{"start":{"line":1,"column":39},"end":{"line":11,"column":1}},"line":1},"1":{"name":"(anonymous_1)","decl":{"start":{"line":3,"column":30},"end":{"line":3,"column":31}},"loc":{"start":{"line":3,"column":79},"end":{"line":9,"column":5}},"line":3}},"branchMap":{"0":{"loc":{"start":{"line":2,"column":2},"end":{"line":10,"column":3}},"type":"if","locations":[{"start":{"line":2,"column":2},"end":{"line":10,"column":3}},{"start":{"line":2,"column":2},"end":{"line":10,"column":3}}],"line":2},"1":{"loc":{"start":{"line":2,"column":6},"end":{"line":2,"column":52}},"type":"binary-expr","locations":[{"start":{"line":2,"column":6},"end":{"line":2,"column":17}},{"start":{"line":2,"column":21},"end":{"line":2,"column":52}}],"line":2}},"s":{"0":0,"1":0,"2":0,"3":0,"4":0,"5":0,"6":0,"7":0},"f":{"0":0,"1":0},"b":{"0":[0,0],"1":[0,0]}}
,"/Users/admin/Downloads/Telegram Desktop/filmy/src/components/AddMovie.js": {"path":"/Users/admin/Downloads/Telegram Desktop/filmy/src/components/AddMovie.js","statementMap":{"0":{"start":{"line":5,"column":24},"end":{"line":173,"column":1}},"1":{"start":{"line":11,"column":6},"end":{"line":11,"column":15}},"2":{"start":{"line":13,"column":19},"end":{"line":15,"column":3}},"3":{"start":{"line":14,"column":4},"end":{"line":14,"column":26}},"4":{"start":{"line":17,"column":19},"end":{"line":37,"column":3}},"5":{"start":{"line":18,"column":4},"end":{"line":18,"column":47}},"6":{"start":{"line":19,"column":4},"end":{"line":19,"column":34}},"7":{"start":{"line":20,"column":4},"end":{"line":20,"column":41}},"8":{"start":{"line":21,"column":4},"end":{"line":21,"column":25}},"9":{"start":{"line":22,"column":21},"end":{"line":22,"column":35}},"10":{"start":{"line":24,"column":4},"end":{"line":26,"column":5}},"11":{"start":{"line":25,"column":6},"end":{"line":25,"column":45}},"12":{"start":{"line":28,"column":4},"end":{"line":36,"column":9}},"13":{"start":{"line":30,"column":8},"end":{"line":30,"column":42}},"14":{"start":{"line":31,"column":8},"end":{"line":31,"column":16}},"15":{"start":{"line":32,"column":8},"end":{"line":32,"column":23}},"16":{"start":{"line":35,"column":8},"end":{"line":35,"column":71}},"17":{"start":{"line":39,"column":2},"end":{"line":172,"column":4}}},"fnMap":{"0":{"name":"(anonymous_0)","decl":{"start":{"line":5,"column":24},"end":{"line":5,"column":25}},"loc":{"start":{"line":5,"column":35},"end":{"line":173,"column":1}},"line":5},"1":{"name":"(anonymous_1)","decl":{"start":{"line":13,"column":19},"end":{"line":13,"column":20}},"loc":{"start":{"line":13,"column":26},"end":{"line":15,"column":3}},"line":13},"2":{"name":"(anonymous_2)","decl":{"start":{"line":17,"column":19},"end":{"line":17,"column":20}},"loc":{"start":{"line":17,"column":32},"end":{"line":37,"column":3}},"line":17},"3":{"name":"(anonymous_3)","decl":{"start":{"line":29,"column":12},"end":{"line":29,"column":13}},"loc":{"start":{"line":29,"column":18},"end":{"line":33,"column":7}},"line":29},"4":{"name":"(anonymous_4)","decl":{"start":{"line":34,"column":13},"end":{"line":34,"column":14}},"loc":{"start":{"line":34,"column":24},"end":{"line":36,"column":7}},"line":34}},"branchMap":{"0":{"loc":{"start":{"line":35,"column":14},"end":{"line":35,"column":69}},"type":"binary-expr","locations":[{"start":{"line":35,"column":14},"end":{"line":35,"column":43}},{"start":{"line":35,"column":47},"end":{"line":35,"column":69}}],"line":35},"1":{"loc":{"start":{"line":51,"column":25},"end":{"line":51,"column":66}},"type":"cond-expr","locations":[{"start":{"line":51,"column":39},"end":{"line":51,"column":61}},{"start":{"line":51,"column":64},"end":{"line":51,"column":66}}],"line":51},"2":{"loc":{"start":{"line":54,"column":13},"end":{"line":56,"column":13}},"type":"binary-expr","locations":[{"start":{"line":54,"column":13},"end":{"line":54,"column":24}},{"start":{"line":55,"column":14},"end":{"line":55,"column":80}}],"line":54},"3":{"loc":{"start":{"line":64,"column":25},"end":{"line":64,"column":73}},"type":"cond-expr","locations":[{"start":{"line":64,"column":46},"end":{"line":64,"column":68}},{"start":{"line":64,"column":71},"end":{"line":64,"column":73}}],"line":64},"4":{"loc":{"start":{"line":69,"column":13},"end":{"line":73,"column":13}},"type":"binary-expr","locations":[{"start":{"line":69,"column":13},"end":{"line":69,"column":31}},{"start":{"line":70,"column":14},"end":{"line":72,"column":21}}],"line":69},"5":{"loc":{"start":{"line":80,"column":25},"end":{"line":80,"column":73}},"type":"cond-expr","locations":[{"start":{"line":80,"column":46},"end":{"line":80,"column":68}},{"start":{"line":80,"column":71},"end":{"line":80,"column":73}}],"line":80},"6":{"loc":{"start":{"line":83,"column":13},"end":{"line":87,"column":13}},"type":"binary-expr","locations":[{"start":{"line":83,"column":13},"end":{"line":83,"column":31}},{"start":{"line":84,"column":14},"end":{"line":86,"column":21}}],"line":83},"7":{"loc":{"start":{"line":97,"column":13},"end":{"line":101,"column":13}},"type":"binary-expr","locations":[{"start":{"line":97,"column":13},"end":{"line":97,"column":26}},{"start":{"line":98,"column":14},"end":{"line":100,"column":21}}],"line":97},"8":{"loc":{"start":{"line":109,"column":25},"end":{"line":109,"column":67}},"type":"cond-expr","locations":[{"start":{"line":109,"column":40},"end":{"line":109,"column":62}},{"start":{"line":109,"column":65},"end":{"line":109,"column":67}}],"line":109},"9":{"loc":{"start":{"line":114,"column":13},"end":{"line":118,"column":13}},"type":"binary-expr","locations":[{"start":{"line":114,"column":13},"end":{"line":114,"column":25}},{"start":{"line":115,"column":14},"end":{"line":117,"column":21}}],"line":114},"10":{"loc":{"start":{"line":125,"column":25},"end":{"line":125,"column":67}},"type":"cond-expr","locations":[{"start":{"line":125,"column":40},"end":{"line":125,"column":62}},{"start":{"line":125,"column":65},"end":{"line":125,"column":67}}],"line":125},"11":{"loc":{"start":{"line":130,"column":13},"end":{"line":134,"column":13}},"type":"binary-expr","locations":[{"start":{"line":130,"column":13},"end":{"line":130,"column":27}},{"start":{"line":131,"column":14},"end":{"line":133,"column":21}}],"line":130},"12":{"loc":{"start":{"line":141,"column":25},"end":{"line":141,"column":73}},"type":"cond-expr","locations":[{"start":{"line":141,"column":46},"end":{"line":141,"column":68}},{"start":{"line":141,"column":71},"end":{"line":141,"column":73}}],"line":141},"13":{"loc":{"start":{"line":146,"column":13},"end":{"line":150,"column":13}},"type":"binary-expr","locations":[{"start":{"line":146,"column":13},"end":{"line":146,"column":31}},{"start":{"line":147,"column":14},"end":{"line":149,"column":21}}],"line":146},"14":{"loc":{"start":{"line":162,"column":13},"end":{"line":164,"column":13}},"type":"binary-expr","locations":[{"start":{"line":162,"column":13},"end":{"line":162,"column":27}},{"start":{"line":163,"column":14},"end":{"line":163,"column":80}}],"line":162}},"s":{"0":1,"1":0,"2":0,"3":0,"4":0,"5":0,"6":0,"7":0,"8":0,"9":0,"10":0,"11":0,"12":0,"13":0,"14":0,"15":0,"16":0,"17":0},"f":{"0":0,"1":0,"2":0,"3":0,"4":0},"b":{"0":[0,0],"1":[0,0],"2":[0,0],"3":[0,0],"4":[0,0],"5":[0,0],"6":[0,0],"7":[0,0],"8":[0,0],"9":[0,0],"10":[0,0],"11":[0,0],"12":[0,0],"13":[0,0],"14":[0,0]},"_coverageSchema":"1a1c01bbd47fc00a2c39e90264f33305004495a9","hash":"ab64e1b7f4de41e51a717f287e01978fc418d775"}
,"/Users/admin/Downloads/Telegram Desktop/filmy/src/components/Header.js": {"path":"/Users/admin/Downloads/Telegram Desktop/filmy/src/components/Header.js","statementMap":{"0":{"start":{"line":1,"column":22},"end":{"line":3,"column":1}},"1":{"start":{"line":2,"column":2},"end":{"line":2,"column":62}}},"fnMap":{"0":{"name":"(anonymous_0)","decl":{"start":{"line":1,"column":22},"end":{"line":1,"column":23}},"loc":{"start":{"line":1,"column":39},"end":{"line":3,"column":1}},"line":1}},"branchMap":{},"s":{"0":1,"1":1},"f":{"0":1},"b":{},"_coverageSchema":"1a1c01bbd47fc00a2c39e90264f33305004495a9","hash":"b5be92cc46eeb4251567e5f6e76a0fa0fafdbd67"}
,"/Users/admin/Downloads/Telegram Desktop/filmy/src/components/LandingForm.js": {"path":"/Users/admin/Downloads/Telegram Desktop/filmy/src/components/LandingForm.js","statementMap":{"0":{"start":{"line":9,"column":27},"end":{"line":108,"column":1}},"1":{"start":{"line":10,"column":34},"end":{"line":10,"column":51}},"2":{"start":{"line":11,"column":18},"end":{"line":11,"column":30}},"3":{"start":{"line":17,"column":6},"end":{"line":17,"column":15}},"4":{"start":{"line":19,"column":25},"end":{"line":22,"column":3}},"5":{"start":{"line":24,"column":19},"end":{"line":41,"column":3}},"6":{"start":{"line":25,"column":4},"end":{"line":25,"column":50}},"7":{"start":{"line":25,"column":30},"end":{"line":25,"column":50}},"8":{"start":{"line":26,"column":4},"end":{"line":40,"column":9}},"9":{"start":{"line":28,"column":8},"end":{"line":36,"column":9}},"10":{"start":{"line":29,"column":10},"end":{"line":29,"column":53}},"11":{"start":{"line":30,"column":10},"end":{"line":30,"column":45}},"12":{"start":{"line":31,"column":10},"end":{"line":31,"column":32}},"13":{"start":{"line":33,"column":10},"end":{"line":33,"column":37}},"14":{"start":{"line":34,"column":10},"end":{"line":34,"column":18}},"15":{"start":{"line":35,"column":10},"end":{"line":35,"column":31}},"16":{"start":{"line":39,"column":8},"end":{"line":39,"column":45}},"17":{"start":{"line":43,"column":21},"end":{"line":43,"column":66}},"18":{"start":{"line":43,"column":32},"end":{"line":43,"column":66}},"19":{"start":{"line":45,"column":2},"end":{"line":107,"column":4}},"20":{"start":{"line":98,"column":42},"end":{"line":98,"column":62}}},"fnMap":{"0":{"name":"(anonymous_0)","decl":{"start":{"line":9,"column":27},"end":{"line":9,"column":28}},"loc":{"start":{"line":9,"column":33},"end":{"line":108,"column":1}},"line":9},"1":{"name":"(anonymous_1)","decl":{"start":{"line":24,"column":19},"end":{"line":24,"column":20}},"loc":{"start":{"line":24,"column":32},"end":{"line":41,"column":3}},"line":24},"2":{"name":"(anonymous_2)","decl":{"start":{"line":27,"column":12},"end":{"line":27,"column":13}},"loc":{"start":{"line":27,"column":26},"end":{"line":37,"column":7}},"line":27},"3":{"name":"(anonymous_3)","decl":{"start":{"line":38,"column":13},"end":{"line":38,"column":14}},"loc":{"start":{"line":38,"column":24},"end":{"line":40,"column":7}},"line":38},"4":{"name":"(anonymous_4)","decl":{"start":{"line":43,"column":21},"end":{"line":43,"column":22}},"loc":{"start":{"line":43,"column":32},"end":{"line":43,"column":66}},"line":43},"5":{"name":"(anonymous_5)","decl":{"start":{"line":98,"column":36},"end":{"line":98,"column":37}},"loc":{"start":{"line":98,"column":42},"end":{"line":98,"column":62}},"line":98}},"branchMap":{"0":{"loc":{"start":{"line":25,"column":4},"end":{"line":25,"column":50}},"type":"if","locations":[{"start":{"line":25,"column":4},"end":{"line":25,"column":50}},{"start":{"line":25,"column":4},"end":{"line":25,"column":50}}],"line":25},"1":{"loc":{"start":{"line":28,"column":8},"end":{"line":36,"column":9}},"type":"if","locations":[{"start":{"line":28,"column":8},"end":{"line":36,"column":9}},{"start":{"line":28,"column":8},"end":{"line":36,"column":9}}],"line":28},"2":{"loc":{"start":{"line":50,"column":21},"end":{"line":50,"column":57}},"type":"cond-expr","locations":[{"start":{"line":50,"column":44},"end":{"line":50,"column":52}},{"start":{"line":50,"column":55},"end":{"line":50,"column":57}}],"line":50},"3":{"loc":{"start":{"line":56,"column":23},"end":{"line":56,"column":64}},"type":"cond-expr","locations":[{"start":{"line":56,"column":37},"end":{"line":56,"column":59}},{"start":{"line":56,"column":62},"end":{"line":56,"column":64}}],"line":56},"4":{"loc":{"start":{"line":59,"column":11},"end":{"line":61,"column":11}},"type":"binary-expr","locations":[{"start":{"line":59,"column":11},"end":{"line":59,"column":22}},{"start":{"line":60,"column":12},"end":{"line":60,"column":78}}],"line":59},"5":{"loc":{"start":{"line":69,"column":23},"end":{"line":69,"column":65}},"type":"cond-expr","locations":[{"start":{"line":69,"column":38},"end":{"line":69,"column":60}},{"start":{"line":69,"column":63},"end":{"line":69,"column":65}}],"line":69},"6":{"loc":{"start":{"line":75,"column":11},"end":{"line":77,"column":11}},"type":"binary-expr","locations":[{"start":{"line":75,"column":11},"end":{"line":75,"column":44}},{"start":{"line":76,"column":12},"end":{"line":76,"column":79}}],"line":75},"7":{"loc":{"start":{"line":79,"column":11},"end":{"line":81,"column":11}},"type":"binary-expr","locations":[{"start":{"line":79,"column":11},"end":{"line":79,"column":43}},{"start":{"line":80,"column":12},"end":{"line":80,"column":80}}],"line":79},"8":{"loc":{"start":{"line":88,"column":23},"end":{"line":88,"column":68}},"type":"cond-expr","locations":[{"start":{"line":88,"column":41},"end":{"line":88,"column":63}},{"start":{"line":88,"column":66},"end":{"line":88,"column":68}}],"line":88},"9":{"loc":{"start":{"line":91,"column":11},"end":{"line":95,"column":11}},"type":"binary-expr","locations":[{"start":{"line":91,"column":11},"end":{"line":91,"column":26}},{"start":{"line":92,"column":12},"end":{"line":94,"column":19}}],"line":91}},"s":{"0":1,"1":1,"2":1,"3":1,"4":1,"5":1,"6":0,"7":0,"8":0,"9":0,"10":0,"11":0,"12":0,"13":0,"14":0,"15":0,"16":0,"17":1,"18":0,"19":1,"20":0},"f":{"0":1,"1":0,"2":0,"3":0,"4":0,"5":0},"b":{"0":[0,0],"1":[0,0],"2":[1,0],"3":[0,1],"4":[1,0],"5":[0,1],"6":[1,0],"7":[1,0],"8":[0,1],"9":[1,0]},"_coverageSchema":"1a1c01bbd47fc00a2c39e90264f33305004495a9","hash":"d69953278d11ed3a2afd8b6c9b82441033721f52"}
,"/Users/admin/Downloads/Telegram Desktop/filmy/src/components/MovieDetails.js": {"path":"/Users/admin/Downloads/Telegram Desktop/filmy/src/components/MovieDetails.js","statementMap":{"0":{"start":{"line":10,"column":28},"end":{"line":75,"column":1}},"1":{"start":{"line":11,"column":20},"end":{"line":11,"column":25}},"2":{"start":{"line":12,"column":32},"end":{"line":12,"column":44}},"3":{"start":{"line":14,"column":22},"end":{"line":22,"column":3}},"4":{"start":{"line":15,"column":4},"end":{"line":21,"column":7}},"5":{"start":{"line":19,"column":6},"end":{"line":19,"column":20}},"6":{"start":{"line":20,"column":6},"end":{"line":20,"column":21}},"7":{"start":{"line":24,"column":2},"end":{"line":74,"column":4}},"8":{"start":{"line":46,"column":12},"end":{"line":51,"column":14}},"9":{"start":{"line":57,"column":29},"end":{"line":57,"column":54}},"10":{"start":{"line":63,"column":29},"end":{"line":63,"column":61}}},"fnMap":{"0":{"name":"(anonymous_0)","decl":{"start":{"line":10,"column":28},"end":{"line":10,"column":29}},"loc":{"start":{"line":10,"column":39},"end":{"line":75,"column":1}},"line":10},"1":{"name":"(anonymous_1)","decl":{"start":{"line":14,"column":22},"end":{"line":14,"column":23}},"loc":{"start":{"line":14,"column":44},"end":{"line":22,"column":3}},"line":14},"2":{"name":"(anonymous_2)","decl":{"start":{"line":18,"column":12},"end":{"line":18,"column":13}},"loc":{"start":{"line":18,"column":18},"end":{"line":21,"column":5}},"line":18},"3":{"name":"(anonymous_3)","decl":{"start":{"line":45,"column":32},"end":{"line":45,"column":33}},"loc":{"start":{"line":45,"column":48},"end":{"line":52,"column":11}},"line":45},"4":{"name":"(anonymous_4)","decl":{"start":{"line":57,"column":22},"end":{"line":57,"column":23}},"loc":{"start":{"line":57,"column":29},"end":{"line":57,"column":54}},"line":57},"5":{"name":"(anonymous_5)","decl":{"start":{"line":63,"column":23},"end":{"line":63,"column":24}},"loc":{"start":{"line":63,"column":29},"end":{"line":63,"column":61}},"line":63}},"branchMap":{"0":{"loc":{"start":{"line":43,"column":9},"end":{"line":43,"column":54}},"type":"binary-expr","locations":[{"start":{"line":43,"column":9},"end":{"line":43,"column":34}},{"start":{"line":43,"column":38},"end":{"line":43,"column":54}}],"line":43}},"s":{"0":1,"1":0,"2":0,"3":0,"4":0,"5":0,"6":0,"7":0,"8":0,"9":0,"10":0},"f":{"0":0,"1":0,"2":0,"3":0,"4":0,"5":0},"b":{"0":[0,0]},"_coverageSchema":"1a1c01bbd47fc00a2c39e90264f33305004495a9","hash":"053ef01a7ca3788013ae4e808b7fc9a886802ca7"}
,"/Users/admin/Downloads/Telegram Desktop/filmy/src/components/MovieList.js": {"path":"/Users/admin/Downloads/Telegram Desktop/filmy/src/components/MovieList.js","statementMap":{"0":{"start":{"line":5,"column":25},"end":{"line":41,"column":1}},"1":{"start":{"line":6,"column":31},"end":{"line":6,"column":46}},"2":{"start":{"line":7,"column":28},"end":{"line":7,"column":40}},"3":{"start":{"line":8,"column":27},"end":{"line":16,"column":3}},"4":{"start":{"line":9,"column":4},"end":{"line":9,"column":22}},"5":{"start":{"line":10,"column":4},"end":{"line":15,"column":9}},"6":{"start":{"line":11,"column":21},"end":{"line":11,"column":29}},"7":{"start":{"line":13,"column":8},"end":{"line":13,"column":23}},"8":{"start":{"line":14,"column":8},"end":{"line":14,"column":26}},"9":{"start":{"line":18,"column":2},"end":{"line":40,"column":4}},"10":{"start":{"line":22,"column":10},"end":{"line":31,"column":12}},"11":{"start":{"line":26,"column":29},"end":{"line":26,"column":62}},"12":{"start":{"line":37,"column":22},"end":{"line":37,"column":40}}},"fnMap":{"0":{"name":"(anonymous_0)","decl":{"start":{"line":5,"column":25},"end":{"line":5,"column":26}},"loc":{"start":{"line":5,"column":41},"end":{"line":41,"column":1}},"line":5},"1":{"name":"(anonymous_1)","decl":{"start":{"line":8,"column":27},"end":{"line":8,"column":28}},"loc":{"start":{"line":8,"column":37},"end":{"line":16,"column":3}},"line":8},"2":{"name":"(anonymous_2)","decl":{"start":{"line":11,"column":12},"end":{"line":11,"column":13}},"loc":{"start":{"line":11,"column":21},"end":{"line":11,"column":29}},"line":11},"3":{"name":"(anonymous_3)","decl":{"start":{"line":12,"column":12},"end":{"line":12,"column":13}},"loc":{"start":{"line":12,"column":26},"end":{"line":15,"column":7}},"line":12},"4":{"name":"(anonymous_4)","decl":{"start":{"line":21,"column":20},"end":{"line":21,"column":21}},"loc":{"start":{"line":21,"column":34},"end":{"line":32,"column":9}},"line":21},"5":{"name":"(anonymous_5)","decl":{"start":{"line":26,"column":23},"end":{"line":26,"column":24}},"loc":{"start":{"line":26,"column":29},"end":{"line":26,"column":62}},"line":26},"6":{"name":"(anonymous_6)","decl":{"start":{"line":37,"column":16},"end":{"line":37,"column":17}},"loc":{"start":{"line":37,"column":22},"end":{"line":37,"column":40}},"line":37}},"branchMap":{},"s":{"0":1,"1":0,"2":0,"3":0,"4":0,"5":0,"6":0,"7":0,"8":0,"9":0,"10":0,"11":0,"12":0},"f":{"0":0,"1":0,"2":0,"3":0,"4":0,"5":0,"6":0},"b":{},"_coverageSchema":"1a1c01bbd47fc00a2c39e90264f33305004495a9","hash":"5e8a4f81a497ecc55e5ae8cbe5c75cefd7cf95c3"}
,"/Users/admin/Downloads/Telegram Desktop/filmy/src/components/index.js": {"path":"/Users/admin/Downloads/Telegram Desktop/filmy/src/components/index.js","statementMap":{},"fnMap":{},"branchMap":{},"s":{},"f":{},"b":{},"_coverageSchema":"1a1c01bbd47fc00a2c39e90264f33305004495a9","hash":"51502b787a63627f39f2763d01b51427509b58da"}
,"/Users/admin/Downloads/Telegram Desktop/filmy/src/pages/Home.js": {"path":"/Users/admin/Downloads/Telegram Desktop/filmy/src/pages/Home.js","statementMap":{"0":{"start":{"line":8,"column":20},"end":{"line":58,"column":1}},"1":{"start":{"line":9,"column":30},"end":{"line":9,"column":42}},"2":{"start":{"line":10,"column":37},"end":{"line":10,"column":52}},"3":{"start":{"line":12,"column":18},"end":{"line":12,"column":30}},"4":{"start":{"line":13,"column":2},"end":{"line":19,"column":9}},"5":{"start":{"line":14,"column":4},"end":{"line":18,"column":9}},"6":{"start":{"line":15,"column":21},"end":{"line":15,"column":29}},"7":{"start":{"line":17,"column":8},"end":{"line":17,"column":24}},"8":{"start":{"line":21,"column":17},"end":{"line":24,"column":3}},"9":{"start":{"line":22,"column":4},"end":{"line":22,"column":20}},"10":{"start":{"line":23,"column":4},"end":{"line":23,"column":22}},"11":{"start":{"line":26,"column":2},"end":{"line":57,"column":4}},"12":{"start":{"line":39,"column":33},"end":{"line":39,"column":53}},"13":{"start":{"line":43,"column":64},"end":{"line":43,"column":72}},"14":{"start":{"line":54,"column":46},"end":{"line":54,"column":67}}},"fnMap":{"0":{"name":"(anonymous_0)","decl":{"start":{"line":8,"column":20},"end":{"line":8,"column":21}},"loc":{"start":{"line":8,"column":26},"end":{"line":58,"column":1}},"line":8},"1":{"name":"(anonymous_1)","decl":{"start":{"line":13,"column":12},"end":{"line":13,"column":13}},"loc":{"start":{"line":13,"column":18},"end":{"line":19,"column":3}},"line":13},"2":{"name":"(anonymous_2)","decl":{"start":{"line":15,"column":12},"end":{"line":15,"column":13}},"loc":{"start":{"line":15,"column":21},"end":{"line":15,"column":29}},"line":15},"3":{"name":"(anonymous_3)","decl":{"start":{"line":16,"column":12},"end":{"line":16,"column":13}},"loc":{"start":{"line":16,"column":26},"end":{"line":18,"column":7}},"line":16},"4":{"name":"(anonymous_4)","decl":{"start":{"line":21,"column":17},"end":{"line":21,"column":18}},"loc":{"start":{"line":21,"column":23},"end":{"line":24,"column":3}},"line":21},"5":{"name":"(anonymous_5)","decl":{"start":{"line":39,"column":27},"end":{"line":39,"column":28}},"loc":{"start":{"line":39,"column":33},"end":{"line":39,"column":53}},"line":39},"6":{"name":"(anonymous_6)","decl":{"start":{"line":43,"column":58},"end":{"line":43,"column":59}},"loc":{"start":{"line":43,"column":64},"end":{"line":43,"column":72}},"line":43},"7":{"name":"(anonymous_7)","decl":{"start":{"line":54,"column":40},"end":{"line":54,"column":41}},"loc":{"start":{"line":54,"column":46},"end":{"line":54,"column":67}},"line":54}},"branchMap":{},"s":{"0":1,"1":0,"2":0,"3":0,"4":0,"5":0,"6":0,"7":0,"8":0,"9":0,"10":0,"11":0,"12":0,"13":0,"14":0},"f":{"0":0,"1":0,"2":0,"3":0,"4":0,"5":0,"6":0,"7":0},"b":{},"_coverageSchema":"1a1c01bbd47fc00a2c39e90264f33305004495a9","hash":"dd2b2f2d512ecf041dbce41dacc45e6c1f85f633"}
,"/Users/admin/Downloads/Telegram Desktop/filmy/src/pages/Landing.js": {"path":"/Users/admin/Downloads/Telegram Desktop/filmy/src/pages/Landing.js","statementMap":{"0":{"start":{"line":9,"column":23},"end":{"line":33,"column":1}},"1":{"start":{"line":10,"column":18},"end":{"line":10,"column":30}},"2":{"start":{"line":12,"column":2},"end":{"line":16,"column":9}},"3":{"start":{"line":13,"column":4},"end":{"line":15,"column":5}},"4":{"start":{"line":14,"column":6},"end":{"line":14,"column":28}},"5":{"start":{"line":18,"column":2},"end":{"line":32,"column":4}}},"fnMap":{"0":{"name":"(anonymous_0)","decl":{"start":{"line":9,"column":23},"end":{"line":9,"column":24}},"loc":{"start":{"line":9,"column":29},"end":{"line":33,"column":1}},"line":9},"1":{"name":"(anonymous_1)","decl":{"start":{"line":12,"column":12},"end":{"line":12,"column":13}},"loc":{"start":{"line":12,"column":18},"end":{"line":16,"column":3}},"line":12}},"branchMap":{"0":{"loc":{"start":{"line":13,"column":4},"end":{"line":15,"column":5}},"type":"if","locations":[{"start":{"line":13,"column":4},"end":{"line":15,"column":5}},{"start":{"line":13,"column":4},"end":{"line":15,"column":5}}],"line":13}},"s":{"0":1,"1":1,"2":1,"3":1,"4":0,"5":1},"f":{"0":1,"1":1},"b":{"0":[0,1]},"_coverageSchema":"1a1c01bbd47fc00a2c39e90264f33305004495a9","hash":"0e5330f25500420557e62187e991255e1cea2926"}
,"/Users/admin/Downloads/Telegram Desktop/filmy/src/pages/index.js": {"path":"/Users/admin/Downloads/Telegram Desktop/filmy/src/pages/index.js","statementMap":{},"fnMap":{},"branchMap":{},"s":{},"f":{},"b":{},"_coverageSchema":"1a1c01bbd47fc00a2c39e90264f33305004495a9","hash":"f20cf31eb1676d87a09dfad1dfa558ae222c35f4"}
,"/Users/admin/Downloads/Telegram Desktop/filmy/src/router/index.js": {"path":"/Users/admin/Downloads/Telegram Desktop/filmy/src/router/index.js","statementMap":{"0":{"start":{"line":11,"column":16},"end":{"line":22,"column":1}},"1":{"start":{"line":24,"column":13},"end":{"line":42,"column":1}},"2":{"start":{"line":25,"column":2},"end":{"line":41,"column":4}},"3":{"start":{"line":29,"column":8},"end":{"line":38,"column":9}},"4":{"start":{"line":44,"column":15},"end":{"line":68,"column":1}},"5":{"start":{"line":45,"column":2},"end":{"line":67,"column":4}},"6":{"start":{"line":49,"column":10},"end":{"line":63,"column":12}}},"fnMap":{"0":{"name":"(anonymous_0)","decl":{"start":{"line":24,"column":13},"end":{"line":24,"column":14}},"loc":{"start":{"line":24,"column":52},"end":{"line":42,"column":1}},"line":24},"1":{"name":"(anonymous_1)","decl":{"start":{"line":28,"column":14},"end":{"line":28,"column":15}},"loc":{"start":{"line":29,"column":8},"end":{"line":38,"column":9}},"line":29},"2":{"name":"(anonymous_2)","decl":{"start":{"line":44,"column":15},"end":{"line":44,"column":16}},"loc":{"start":{"line":44,"column":21},"end":{"line":68,"column":1}},"line":44},"3":{"name":"(anonymous_3)","decl":{"start":{"line":48,"column":21},"end":{"line":48,"column":22}},"loc":{"start":{"line":48,"column":35},"end":{"line":64,"column":9}},"line":48}},"branchMap":{"0":{"loc":{"start":{"line":29,"column":8},"end":{"line":38,"column":9}},"type":"cond-expr","locations":[{"start":{"line":30,"column":10},"end":{"line":30,"column":34}},{"start":{"line":32,"column":10},"end":{"line":37,"column":12}}],"line":29},"1":{"loc":{"start":{"line":49,"column":17},"end":{"line":63,"column":11}},"type":"cond-expr","locations":[{"start":{"line":50,"column":12},"end":{"line":55,"column":14}},{"start":{"line":57,"column":12},"end":{"line":62,"column":14}}],"line":49}},"s":{"0":1,"1":1,"2":0,"3":0,"4":1,"5":1,"6":2},"f":{"0":0,"1":0,"2":1,"3":2},"b":{"0":[0,0],"1":[1,1]},"_coverageSchema":"1a1c01bbd47fc00a2c39e90264f33305004495a9","hash":"b4d364038b2c2679ac9ec1ec308bd5120e99e394"}
,"/Users/admin/Downloads/Telegram Desktop/filmy/src/services/index.js": {"path":"/Users/admin/Downloads/Telegram Desktop/filmy/src/services/index.js","statementMap":{"0":{"start":{"line":3,"column":17},"end":{"line":3,"column":46}},"1":{"start":{"line":5,"column":22},"end":{"line":8,"column":1}},"2":{"start":{"line":6,"column":2},"end":{"line":6,"column":45}},"3":{"start":{"line":6,"column":13},"end":{"line":6,"column":45}},"4":{"start":{"line":7,"column":2},"end":{"line":7,"column":27}},"5":{"start":{"line":10,"column":29},"end":{"line":12,"column":1}},"6":{"start":{"line":11,"column":2},"end":{"line":11,"column":59}},"7":{"start":{"line":11,"column":40},"end":{"line":11,"column":57}},"8":{"start":{"line":14,"column":33},"end":{"line":17,"column":1}},"9":{"start":{"line":15,"column":15},"end":{"line":15,"column":53}},"10":{"start":{"line":16,"column":2},"end":{"line":16,"column":56}},"11":{"start":{"line":19,"column":25},"end":{"line":21,"column":1}},"12":{"start":{"line":20,"column":2},"end":{"line":20,"column":52}},"13":{"start":{"line":23,"column":24},"end":{"line":25,"column":1}},"14":{"start":{"line":24,"column":2},"end":{"line":24,"column":53}},"15":{"start":{"line":26,"column":26},"end":{"line":32,"column":1}},"16":{"start":{"line":27,"column":2},"end":{"line":31,"column":5}}},"fnMap":{"0":{"name":"(anonymous_0)","decl":{"start":{"line":5,"column":22},"end":{"line":5,"column":23}},"loc":{"start":{"line":5,"column":46},"end":{"line":8,"column":1}},"line":5},"1":{"name":"(anonymous_1)","decl":{"start":{"line":10,"column":29},"end":{"line":10,"column":30}},"loc":{"start":{"line":10,"column":35},"end":{"line":12,"column":1}},"line":10},"2":{"name":"(anonymous_2)","decl":{"start":{"line":11,"column":33},"end":{"line":11,"column":34}},"loc":{"start":{"line":11,"column":40},"end":{"line":11,"column":57}},"line":11},"3":{"name":"(anonymous_3)","decl":{"start":{"line":14,"column":33},"end":{"line":14,"column":34}},"loc":{"start":{"line":14,"column":46},"end":{"line":17,"column":1}},"line":14},"4":{"name":"(anonymous_4)","decl":{"start":{"line":19,"column":25},"end":{"line":19,"column":26}},"loc":{"start":{"line":19,"column":40},"end":{"line":21,"column":1}},"line":19},"5":{"name":"(anonymous_5)","decl":{"start":{"line":23,"column":24},"end":{"line":23,"column":25}},"loc":{"start":{"line":23,"column":37},"end":{"line":25,"column":1}},"line":23},"6":{"name":"(anonymous_6)","decl":{"start":{"line":26,"column":26},"end":{"line":26,"column":27}},"loc":{"start":{"line":26,"column":39},"end":{"line":32,"column":1}},"line":26}},"branchMap":{"0":{"loc":{"start":{"line":5,"column":29},"end":{"line":5,"column":41}},"type":"default-arg","locations":[{"start":{"line":5,"column":37},"end":{"line":5,"column":41}}],"line":5},"1":{"loc":{"start":{"line":6,"column":2},"end":{"line":6,"column":45}},"type":"if","locations":[{"start":{"line":6,"column":2},"end":{"line":6,"column":45}},{"start":{"line":6,"column":2},"end":{"line":6,"column":45}}],"line":6},"2":{"loc":{"start":{"line":15,"column":15},"end":{"line":15,"column":53}},"type":"cond-expr","locations":[{"start":{"line":15,"column":35},"end":{"line":15,"column":43}},{"start":{"line":15,"column":46},"end":{"line":15,"column":53}}],"line":15},"3":{"loc":{"start":{"line":19,"column":26},"end":{"line":19,"column":35}},"type":"default-arg","locations":[{"start":{"line":19,"column":33},"end":{"line":19,"column":35}}],"line":19}},"s":{"0":1,"1":1,"2":1,"3":0,"4":1,"5":1,"6":0,"7":0,"8":1,"9":0,"10":0,"11":1,"12":0,"13":1,"14":0,"15":1,"16":0},"f":{"0":1,"1":0,"2":0,"3":0,"4":0,"5":0,"6":0},"b":{"0":[1],"1":[0,1],"2":[0,0],"3":[0]},"_coverageSchema":"1a1c01bbd47fc00a2c39e90264f33305004495a9","hash":"994fe3835e6658488c6bc1c90064046688150833"}
}
